2016-12-16T13:20:21.328Z - normal: Load ~/.CocosCreator/settings.json
2016-12-16T13:20:21.349Z - normal: checking language setting...
2016-12-16T13:20:21.349Z - normal: Language: zh
2016-12-16T13:20:21.498Z - success: protocol editor-framework registered
2016-12-16T13:20:21.499Z - success: protocol app registered
2016-12-16T13:20:21.499Z - success: protocol packages registered
2016-12-16T13:20:21.499Z - success: protocol theme registered
2016-12-16T13:20:21.499Z - success: protocol unpack registerred
2016-12-16T13:20:21.666Z - normal: connected!
2016-12-16T13:20:21.669Z - normal: Check project /Users/mac/hshashdj2222/TexasPocker
2016-12-16T13:20:21.673Z - normal: Initializing Cocos Creator Editor
2016-12-16T13:20:22.457Z - normal: Initializing Cocos2d
2016-12-16T13:20:23.155Z - normal: Initializing Asset Database
2016-12-16T13:20:23.196Z - success: protocol uuid registerred
2016-12-16T13:20:23.196Z - success: protocol db registerred
2016-12-16T13:20:23.196Z - success: protocol thumbnail registerred
2016-12-16T13:20:23.197Z - normal: Loading editor/builtin packages
2016-12-16T13:20:23.463Z - success: assets loaded
2016-12-16T13:20:23.467Z - success: builder loaded
2016-12-16T13:20:23.472Z - success: hierarchy loaded
2016-12-16T13:20:23.477Z - success: inspector loaded
2016-12-16T13:20:23.495Z - success: keystore loaded
2016-12-16T13:20:23.500Z - success: node-library loaded
2016-12-16T13:20:23.505Z - success: preferences loaded
2016-12-16T13:20:23.521Z - success: project-importer loaded
2016-12-16T13:20:23.524Z - success: project-settings loaded
2016-12-16T13:20:23.543Z - success: ui-kit loaded
2016-12-16T13:20:23.549Z - success: ui-grid loaded
2016-12-16T13:20:23.554Z - success: scene loaded
2016-12-16T13:20:23.555Z - success: sprite-editor loaded
2016-12-16T13:20:23.562Z - success: timeline loaded
2016-12-16T13:20:23.562Z - normal: Loading builtin packages
2016-12-16T13:20:23.567Z - success: asset-db-debugger loaded
2016-12-16T13:20:23.569Z - success: code-editor loaded
2016-12-16T13:20:23.570Z - success: color-picker loaded
2016-12-16T13:20:23.576Z - success: console loaded
2016-12-16T13:20:23.580Z - success: package-manager loaded
2016-12-16T13:20:23.584Z - success: tester loaded
2016-12-16T13:20:23.588Z - success: ui-kit-preview-extra loaded
2016-12-16T13:20:23.591Z - success: ui-kit-preview loaded
2016-12-16T13:20:23.595Z - success: ui-tree loaded
2016-12-16T13:20:23.738Z - normal: Initializing project /Users/mac/hshashdj2222/TexasPocker
2016-12-16T13:20:23.755Z - warn: Profile local-local warning: reset profile field: last-edit
2016-12-16T13:20:23.782Z - normal: Loading packages
2016-12-16T13:20:23.789Z - normal: Watching packages
2016-12-16T13:20:23.805Z - normal: Run Application
2016-12-16T13:20:48.345Z - success: preview server running at http://localhost:7456
2016-12-16T13:20:48.348Z - normal: Compiling scripts...
2016-12-16T13:20:53.812Z - normal: Compiled successfully
2016-12-16T13:20:58.890Z - normal: 1.3.2
2016-12-16T13:21:01.189Z - warn: Should not define constructor for cc.Component undefined.
2016-12-16T13:21:01.244Z - error: TypeError: Cannot set property '0' of undefined
    at CCClass.init_StopEnrolment: "this.StopEnrolment[0]= 6" (assets/scripts/P9/Data/P9CreateSettings.js:211:8)
    at P9CreateSettings.ctor (assets/scripts/P9/Data/P9CreateSettings.js:20:8)
    at new P9CreateSettings (eval at _createCtor (/Applications/CocosCreator 2.app/Contents/Resources/engine/cocos2d/core/platform/CCClass.js:596:21), <anonymous>:7:9)
    at Function.init (assets/scripts/Project.js:212:16)
    at Function.start (assets/scripts/Project.js:663:12)
    at Object.require.Project.FLanguage (assets/scripts/Project.js:671)
    at s (../../../../../../Applications/CocosCreator 2.app/Contents/Resources/app.asar/node_modules/browser-pack/_prelude.js:1)
    at file:///Users/mac/hshashdj2222/TexasPocker/library/bundle.project.js?001:1:313
    at Object.require.gjSceneController.FWS_MVC (assets/scripts/P9/gjDir/gjSceneController.js:2)
    at s (../../../../../../Applications/CocosCreator 2.app/Contents/Resources/app.asar/node_modules/browser-pack/_prelude.js:1)
2016-12-16T13:21:01.252Z - normal: (状态) onEnterNode: root
2016-12-16T13:21:01.253Z - info: (test) onEnterNode
2016-12-16T13:21:01.255Z - info: (test) table={"data":{"_propertyValues_":{"publicCards":{"_array_":[]},"totalChips":0,"pots":{"_array_":[]}}},"seats":{"_obj_":{"0":{"_propertyValues_":{"data":{"playerData":{"_propertyValues_":{"handCards":{"_array_":[]},"cardGroup":{"_array_":[]},"currentRoundChips":0}}},"user":{"_propertyValues_":{"data":{},"id":"10001"},"name":"张建民","avatar":"10001.jpg"}}},"1":{"_propertyValues_":{"data":{"playerData":{"_propertyValues_":{"handCards":{"_array_":[]},"cardGroup":{"_array_":[]},"currentRoundChips":0}}},"user":{"_propertyValues_":{"data":{},"id":"10002"},"name":"张灿阳","avatar":"10002.jpg"}}},"2":{"_propertyValues_":{"data":{"playerData":{"_propertyValues_":{"handCards":{"_array_":[]},"cardGroup":{"_array_":[]},"currentRoundChips":0}}},"user":{"_propertyValues_":{"data":{},"id":"10003"},"name":"杨飞","avatar":"10003.jpg"}}},"3":{"_propertyValues_":{"data":{"playerData":{"_propertyValues_":{"handCards":{"_array_":[]},"cardGroup":{"_array_":[]},"currentRoundChips":0}}},"user":{"_propertyValues_":{"data":{},"id":"10004"},"name":"刘强","avatar":"10004.jpg"}}},"4":{"_propertyValues_":{"data":{"playerData":{"_propertyValues_":{"handCards":{"_array_":[]},"cardGroup":{"_array_":[]},"currentRoundChips":0}}},"user":{"_propertyValues_":{"data":{},"id":"10005"},"name":"桑桑","avatar":"10005.jpg"}}},"5":{"_propertyValues_":{"data":{"playerData":{"_propertyValues_":{"handCards":{"_array_":[]},"cardGroup":{"_array_":[]},"currentRoundChips":0}}},"user":{"_propertyValues_":{"data":{},"id":"10006"},"name":"高健","avatar":"10006.jpg"}}},"6":{"_propertyValues_":{"data":{"playerData":{"_propertyValues_":{"handCards":{"_array_":[]},"cardGroup":{"_array_":[]},"currentRoundChips":0}}},"user":{"_propertyValues_":{"data":{},"id":"10007"},"name":"钧浩","avatar":"10007.jpg"}}},"7":{"_propertyValues_":{"data":{"playerData":{"_propertyValues_":{"handCards":{"_array_":[]},"cardGroup":{"_array_":[]},"currentRoundChips":0}}},"user":{"_propertyValues_":{"data":{},"id":"10008"},"name":"安娜","avatar":"10008.jpg"}}},"8":{"_propertyValues_":{"data":{"playerData":{"_propertyValues_":{"handCards":{"_array_":[]},"cardGroup":{"_array_":[]},"currentRoundChips":0}}},"user":{"_propertyValues_":{"data":{},"id":"10009"},"name":"球球","avatar":"10009.jpg"}}}}},"currentPlayerSeat":-1,"watchers":{"_array_":[]},"id":"12"}
2016-12-16T13:21:01.255Z - normal: (状态) onEnterNode: root/loading
2016-12-16T13:21:01.255Z - normal: party_CreatePartyController
2016-12-16T13:21:01.256Z - info: (状态) 切换至: root/loading
2016-12-16T13:21:01.338Z - warn: The "type" attribute of "SNGpartyScript.pageView" is undefined when loading script.
